<?xml version="1.0" encoding="UTF-8"?>
<testsuite xmlns:xsi="http://www.w3.org/2001/XMLSchema-instance" xsi:noNamespaceSchemaLocation="https://maven.apache.org/surefire/maven-surefire-plugin/xsd/surefire-test-report-3.0.xsd" version="3.0" name="Gift Card Purchase" time="119.459" tests="3" errors="0" skipped="0" failures="1">
  <properties>
    <property name="java.specification.version" value="24"/>
    <property name="sun.cpu.isalist" value="amd64"/>
    <property name="sun.jnu.encoding" value="Cp1252"/>
    <property name="java.class.path" value="C:\Users\Consultant\Downloads\selenium_project_feature_parallel\selenium_project_feature_parallel\target\test-classes;C:\Users\Consultant\Downloads\selenium_project_feature_parallel\selenium_project_feature_parallel\target\classes;C:\Users\Consultant\.m2\repository\org\seleniumhq\selenium\selenium-java\4.35.0\selenium-java-4.35.0.jar;C:\Users\Consultant\.m2\repository\org\seleniumhq\selenium\selenium-api\4.35.0\selenium-api-4.35.0.jar;C:\Users\Consultant\.m2\repository\org\jspecify\jspecify\1.0.0\jspecify-1.0.0.jar;C:\Users\Consultant\.m2\repository\org\seleniumhq\selenium\selenium-chrome-driver\4.35.0\selenium-chrome-driver-4.35.0.jar;C:\Users\Consultant\.m2\repository\com\google\auto\service\auto-service-annotations\1.1.1\auto-service-annotations-1.1.1.jar;C:\Users\Consultant\.m2\repository\org\seleniumhq\selenium\selenium-chromium-driver\4.35.0\selenium-chromium-driver-4.35.0.jar;C:\Users\Consultant\.m2\repository\org\seleniumhq\selenium\selenium-json\4.35.0\selenium-json-4.35.0.jar;C:\Users\Consultant\.m2\repository\org\seleniumhq\selenium\selenium-manager\4.35.0\selenium-manager-4.35.0.jar;C:\Users\Consultant\.m2\repository\org\seleniumhq\selenium\selenium-devtools-v137\4.35.0\selenium-devtools-v137-4.35.0.jar;C:\Users\Consultant\.m2\repository\org\seleniumhq\selenium\selenium-devtools-v138\4.35.0\selenium-devtools-v138-4.35.0.jar;C:\Users\Consultant\.m2\repository\org\seleniumhq\selenium\selenium-devtools-v139\4.35.0\selenium-devtools-v139-4.35.0.jar;C:\Users\Consultant\.m2\repository\org\seleniumhq\selenium\selenium-edge-driver\4.35.0\selenium-edge-driver-4.35.0.jar;C:\Users\Consultant\.m2\repository\org\seleniumhq\selenium\selenium-firefox-driver\4.35.0\selenium-firefox-driver-4.35.0.jar;C:\Users\Consultant\.m2\repository\org\seleniumhq\selenium\selenium-http\4.35.0\selenium-http-4.35.0.jar;C:\Users\Consultant\.m2\repository\org\seleniumhq\selenium\selenium-ie-driver\4.35.0\selenium-ie-driver-4.35.0.jar;C:\Users\Consultant\.m2\repository\org\seleniumhq\selenium\selenium-remote-driver\4.35.0\selenium-remote-driver-4.35.0.jar;C:\Users\Consultant\.m2\repository\com\google\guava\guava\33.4.8-jre\guava-33.4.8-jre.jar;C:\Users\Consultant\.m2\repository\com\google\guava\failureaccess\1.0.3\failureaccess-1.0.3.jar;C:\Users\Consultant\.m2\repository\com\google\guava\listenablefuture\9999.0-empty-to-avoid-conflict-with-guava\listenablefuture-9999.0-empty-to-avoid-conflict-with-guava.jar;C:\Users\Consultant\.m2\repository\com\google\errorprone\error_prone_annotations\2.36.0\error_prone_annotations-2.36.0.jar;C:\Users\Consultant\.m2\repository\com\google\j2objc\j2objc-annotations\3.0.0\j2objc-annotations-3.0.0.jar;C:\Users\Consultant\.m2\repository\io\opentelemetry\opentelemetry-api\1.53.0\opentelemetry-api-1.53.0.jar;C:\Users\Consultant\.m2\repository\io\opentelemetry\opentelemetry-context\1.53.0\opentelemetry-context-1.53.0.jar;C:\Users\Consultant\.m2\repository\io\opentelemetry\opentelemetry-common\1.53.0\opentelemetry-common-1.53.0.jar;C:\Users\Consultant\.m2\repository\io\opentelemetry\opentelemetry-exporter-logging\1.53.0\opentelemetry-exporter-logging-1.53.0.jar;C:\Users\Consultant\.m2\repository\io\opentelemetry\opentelemetry-sdk-common\1.53.0\opentelemetry-sdk-common-1.53.0.jar;C:\Users\Consultant\.m2\repository\io\opentelemetry\opentelemetry-sdk-extension-autoconfigure-spi\1.53.0\opentelemetry-sdk-extension-autoconfigure-spi-1.53.0.jar;C:\Users\Consultant\.m2\repository\io\opentelemetry\opentelemetry-sdk-extension-autoconfigure\1.53.0\opentelemetry-sdk-extension-autoconfigure-1.53.0.jar;C:\Users\Consultant\.m2\repository\io\opentelemetry\opentelemetry-sdk-trace\1.53.0\opentelemetry-sdk-trace-1.53.0.jar;C:\Users\Consultant\.m2\repository\io\opentelemetry\opentelemetry-sdk\1.53.0\opentelemetry-sdk-1.53.0.jar;C:\Users\Consultant\.m2\repository\io\opentelemetry\opentelemetry-sdk-metrics\1.53.0\opentelemetry-sdk-metrics-1.53.0.jar;C:\Users\Consultant\.m2\repository\io\opentelemetry\opentelemetry-sdk-logs\1.53.0\opentelemetry-sdk-logs-1.53.0.jar;C:\Users\Consultant\.m2\repository\net\bytebuddy\byte-buddy\1.17.6\byte-buddy-1.17.6.jar;C:\Users\Consultant\.m2\repository\org\seleniumhq\selenium\selenium-os\4.35.0\selenium-os-4.35.0.jar;C:\Users\Consultant\.m2\repository\org\apache\commons\commons-exec\1.5.0\commons-exec-1.5.0.jar;C:\Users\Consultant\.m2\repository\org\seleniumhq\selenium\selenium-safari-driver\4.35.0\selenium-safari-driver-4.35.0.jar;C:\Users\Consultant\.m2\repository\org\seleniumhq\selenium\selenium-support\4.35.0\selenium-support-4.35.0.jar;C:\Users\Consultant\.m2\repository\io\cucumber\cucumber-java\7.27.2\cucumber-java-7.27.2.jar;C:\Users\Consultant\.m2\repository\io\cucumber\cucumber-core\7.27.2\cucumber-core-7.27.2.jar;C:\Users\Consultant\.m2\repository\io\cucumber\cucumber-gherkin\7.27.2\cucumber-gherkin-7.27.2.jar;C:\Users\Consultant\.m2\repository\io\cucumber\cucumber-gherkin-messages\7.27.2\cucumber-gherkin-messages-7.27.2.jar;C:\Users\Consultant\.m2\repository\io\cucumber\gherkin\34.0.0\gherkin-34.0.0.jar;C:\Users\Consultant\.m2\repository\org\assertj\assertj-core\3.27.4\assertj-core-3.27.4.jar;C:\Users\Consultant\.m2\repository\io\cucumber\messages\28.1.0\messages-28.1.0.jar;C:\Users\Consultant\.m2\repository\io\cucumber\pretty-formatter\2.1.0\pretty-formatter-2.1.0.jar;C:\Users\Consultant\.m2\repository\io\cucumber\query\13.6.0\query-13.6.0.jar;C:\Users\Consultant\.m2\repository\io\cucumber\testng-xml-formatter\0.5.0\testng-xml-formatter-0.5.0.jar;C:\Users\Consultant\.m2\repository\io\cucumber\tag-expressions\6.1.2\tag-expressions-6.1.2.jar;C:\Users\Consultant\.m2\repository\io\cucumber\cucumber-expressions\18.0.1\cucumber-expressions-18.0.1.jar;C:\Users\Consultant\.m2\repository\io\cucumber\datatable\7.27.2\datatable-7.27.2.jar;C:\Users\Consultant\.m2\repository\io\cucumber\cucumber-plugin\7.27.2\cucumber-plugin-7.27.2.jar;C:\Users\Consultant\.m2\repository\io\cucumber\docstring\7.27.2\docstring-7.27.2.jar;C:\Users\Consultant\.m2\repository\io\cucumber\html-formatter\21.13.0\html-formatter-21.13.0.jar;C:\Users\Consultant\.m2\repository\io\cucumber\junit-xml-formatter\0.8.1\junit-xml-formatter-0.8.1.jar;C:\Users\Consultant\.m2\repository\io\cucumber\ci-environment\10.0.1\ci-environment-10.0.1.jar;C:\Users\Consultant\.m2\repository\org\apiguardian\apiguardian-api\1.1.2\apiguardian-api-1.1.2.jar;C:\Users\Consultant\.m2\repository\io\cucumber\cucumber-junit\7.27.2\cucumber-junit-7.27.2.jar;C:\Users\Consultant\.m2\repository\junit\junit\4.13.2\junit-4.13.2.jar;C:\Users\Consultant\.m2\repository\org\hamcrest\hamcrest-core\1.3\hamcrest-core-1.3.jar;"/>
    <property name="java.vm.vendor" value="Oracle Corporation"/>
    <property name="sun.arch.data.model" value="64"/>
    <property name="user.variant" value=""/>
    <property name="java.vendor.url" value="https://java.oracle.com/"/>
    <property name="user.timezone" value="America/Toronto"/>
    <property name="os.name" value="Windows 11"/>
    <property name="java.vm.specification.version" value="24"/>
    <property name="sun.java.launcher" value="SUN_STANDARD"/>
    <property name="user.country" value="CA"/>
    <property name="sun.boot.library.path" value="C:\Program Files\Java\jdk-24\bin"/>
    <property name="sun.java.command" value="C:\Users\Consultant\AppData\Local\Temp\surefire390183777707715244\surefirebooter-20250911092600483_3.jar C:\Users\Consultant\AppData\Local\Temp\surefire390183777707715244 2025-09-11T09-26-00_239-jvmRun1 surefire-20250911092600483_1tmp surefire_0-20250911092600483_2tmp"/>
    <property name="jdk.debug" value="release"/>
    <property name="surefire.test.class.path" value="C:\Users\Consultant\Downloads\selenium_project_feature_parallel\selenium_project_feature_parallel\target\test-classes;C:\Users\Consultant\Downloads\selenium_project_feature_parallel\selenium_project_feature_parallel\target\classes;C:\Users\Consultant\.m2\repository\org\seleniumhq\selenium\selenium-java\4.35.0\selenium-java-4.35.0.jar;C:\Users\Consultant\.m2\repository\org\seleniumhq\selenium\selenium-api\4.35.0\selenium-api-4.35.0.jar;C:\Users\Consultant\.m2\repository\org\jspecify\jspecify\1.0.0\jspecify-1.0.0.jar;C:\Users\Consultant\.m2\repository\org\seleniumhq\selenium\selenium-chrome-driver\4.35.0\selenium-chrome-driver-4.35.0.jar;C:\Users\Consultant\.m2\repository\com\google\auto\service\auto-service-annotations\1.1.1\auto-service-annotations-1.1.1.jar;C:\Users\Consultant\.m2\repository\org\seleniumhq\selenium\selenium-chromium-driver\4.35.0\selenium-chromium-driver-4.35.0.jar;C:\Users\Consultant\.m2\repository\org\seleniumhq\selenium\selenium-json\4.35.0\selenium-json-4.35.0.jar;C:\Users\Consultant\.m2\repository\org\seleniumhq\selenium\selenium-manager\4.35.0\selenium-manager-4.35.0.jar;C:\Users\Consultant\.m2\repository\org\seleniumhq\selenium\selenium-devtools-v137\4.35.0\selenium-devtools-v137-4.35.0.jar;C:\Users\Consultant\.m2\repository\org\seleniumhq\selenium\selenium-devtools-v138\4.35.0\selenium-devtools-v138-4.35.0.jar;C:\Users\Consultant\.m2\repository\org\seleniumhq\selenium\selenium-devtools-v139\4.35.0\selenium-devtools-v139-4.35.0.jar;C:\Users\Consultant\.m2\repository\org\seleniumhq\selenium\selenium-edge-driver\4.35.0\selenium-edge-driver-4.35.0.jar;C:\Users\Consultant\.m2\repository\org\seleniumhq\selenium\selenium-firefox-driver\4.35.0\selenium-firefox-driver-4.35.0.jar;C:\Users\Consultant\.m2\repository\org\seleniumhq\selenium\selenium-http\4.35.0\selenium-http-4.35.0.jar;C:\Users\Consultant\.m2\repository\org\seleniumhq\selenium\selenium-ie-driver\4.35.0\selenium-ie-driver-4.35.0.jar;C:\Users\Consultant\.m2\repository\org\seleniumhq\selenium\selenium-remote-driver\4.35.0\selenium-remote-driver-4.35.0.jar;C:\Users\Consultant\.m2\repository\com\google\guava\guava\33.4.8-jre\guava-33.4.8-jre.jar;C:\Users\Consultant\.m2\repository\com\google\guava\failureaccess\1.0.3\failureaccess-1.0.3.jar;C:\Users\Consultant\.m2\repository\com\google\guava\listenablefuture\9999.0-empty-to-avoid-conflict-with-guava\listenablefuture-9999.0-empty-to-avoid-conflict-with-guava.jar;C:\Users\Consultant\.m2\repository\com\google\errorprone\error_prone_annotations\2.36.0\error_prone_annotations-2.36.0.jar;C:\Users\Consultant\.m2\repository\com\google\j2objc\j2objc-annotations\3.0.0\j2objc-annotations-3.0.0.jar;C:\Users\Consultant\.m2\repository\io\opentelemetry\opentelemetry-api\1.53.0\opentelemetry-api-1.53.0.jar;C:\Users\Consultant\.m2\repository\io\opentelemetry\opentelemetry-context\1.53.0\opentelemetry-context-1.53.0.jar;C:\Users\Consultant\.m2\repository\io\opentelemetry\opentelemetry-common\1.53.0\opentelemetry-common-1.53.0.jar;C:\Users\Consultant\.m2\repository\io\opentelemetry\opentelemetry-exporter-logging\1.53.0\opentelemetry-exporter-logging-1.53.0.jar;C:\Users\Consultant\.m2\repository\io\opentelemetry\opentelemetry-sdk-common\1.53.0\opentelemetry-sdk-common-1.53.0.jar;C:\Users\Consultant\.m2\repository\io\opentelemetry\opentelemetry-sdk-extension-autoconfigure-spi\1.53.0\opentelemetry-sdk-extension-autoconfigure-spi-1.53.0.jar;C:\Users\Consultant\.m2\repository\io\opentelemetry\opentelemetry-sdk-extension-autoconfigure\1.53.0\opentelemetry-sdk-extension-autoconfigure-1.53.0.jar;C:\Users\Consultant\.m2\repository\io\opentelemetry\opentelemetry-sdk-trace\1.53.0\opentelemetry-sdk-trace-1.53.0.jar;C:\Users\Consultant\.m2\repository\io\opentelemetry\opentelemetry-sdk\1.53.0\opentelemetry-sdk-1.53.0.jar;C:\Users\Consultant\.m2\repository\io\opentelemetry\opentelemetry-sdk-metrics\1.53.0\opentelemetry-sdk-metrics-1.53.0.jar;C:\Users\Consultant\.m2\repository\io\opentelemetry\opentelemetry-sdk-logs\1.53.0\opentelemetry-sdk-logs-1.53.0.jar;C:\Users\Consultant\.m2\repository\net\bytebuddy\byte-buddy\1.17.6\byte-buddy-1.17.6.jar;C:\Users\Consultant\.m2\repository\org\seleniumhq\selenium\selenium-os\4.35.0\selenium-os-4.35.0.jar;C:\Users\Consultant\.m2\repository\org\apache\commons\commons-exec\1.5.0\commons-exec-1.5.0.jar;C:\Users\Consultant\.m2\repository\org\seleniumhq\selenium\selenium-safari-driver\4.35.0\selenium-safari-driver-4.35.0.jar;C:\Users\Consultant\.m2\repository\org\seleniumhq\selenium\selenium-support\4.35.0\selenium-support-4.35.0.jar;C:\Users\Consultant\.m2\repository\io\cucumber\cucumber-java\7.27.2\cucumber-java-7.27.2.jar;C:\Users\Consultant\.m2\repository\io\cucumber\cucumber-core\7.27.2\cucumber-core-7.27.2.jar;C:\Users\Consultant\.m2\repository\io\cucumber\cucumber-gherkin\7.27.2\cucumber-gherkin-7.27.2.jar;C:\Users\Consultant\.m2\repository\io\cucumber\cucumber-gherkin-messages\7.27.2\cucumber-gherkin-messages-7.27.2.jar;C:\Users\Consultant\.m2\repository\io\cucumber\gherkin\34.0.0\gherkin-34.0.0.jar;C:\Users\Consultant\.m2\repository\org\assertj\assertj-core\3.27.4\assertj-core-3.27.4.jar;C:\Users\Consultant\.m2\repository\io\cucumber\messages\28.1.0\messages-28.1.0.jar;C:\Users\Consultant\.m2\repository\io\cucumber\pretty-formatter\2.1.0\pretty-formatter-2.1.0.jar;C:\Users\Consultant\.m2\repository\io\cucumber\query\13.6.0\query-13.6.0.jar;C:\Users\Consultant\.m2\repository\io\cucumber\testng-xml-formatter\0.5.0\testng-xml-formatter-0.5.0.jar;C:\Users\Consultant\.m2\repository\io\cucumber\tag-expressions\6.1.2\tag-expressions-6.1.2.jar;C:\Users\Consultant\.m2\repository\io\cucumber\cucumber-expressions\18.0.1\cucumber-expressions-18.0.1.jar;C:\Users\Consultant\.m2\repository\io\cucumber\datatable\7.27.2\datatable-7.27.2.jar;C:\Users\Consultant\.m2\repository\io\cucumber\cucumber-plugin\7.27.2\cucumber-plugin-7.27.2.jar;C:\Users\Consultant\.m2\repository\io\cucumber\docstring\7.27.2\docstring-7.27.2.jar;C:\Users\Consultant\.m2\repository\io\cucumber\html-formatter\21.13.0\html-formatter-21.13.0.jar;C:\Users\Consultant\.m2\repository\io\cucumber\junit-xml-formatter\0.8.1\junit-xml-formatter-0.8.1.jar;C:\Users\Consultant\.m2\repository\io\cucumber\ci-environment\10.0.1\ci-environment-10.0.1.jar;C:\Users\Consultant\.m2\repository\org\apiguardian\apiguardian-api\1.1.2\apiguardian-api-1.1.2.jar;C:\Users\Consultant\.m2\repository\io\cucumber\cucumber-junit\7.27.2\cucumber-junit-7.27.2.jar;C:\Users\Consultant\.m2\repository\junit\junit\4.13.2\junit-4.13.2.jar;C:\Users\Consultant\.m2\repository\org\hamcrest\hamcrest-core\1.3\hamcrest-core-1.3.jar;"/>
    <property name="sun.cpu.endian" value="little"/>
    <property name="user.home" value="C:\Users\Consultant"/>
    <property name="user.language" value="en"/>
    <property name="java.specification.vendor" value="Oracle Corporation"/>
    <property name="java.version.date" value="2025-07-15"/>
    <property name="java.home" value="C:\Program Files\Java\jdk-24"/>
    <property name="file.separator" value="\"/>
    <property name="basedir" value="C:\Users\Consultant\Downloads\selenium_project_feature_parallel\selenium_project_feature_parallel"/>
    <property name="java.vm.compressedOopsMode" value="Zero based"/>
    <property name="line.separator" value="&#10;"/>
    <property name="java.vm.specification.vendor" value="Oracle Corporation"/>
    <property name="java.specification.name" value="Java Platform API Specification"/>
    <property name="surefire.real.class.path" value="C:\Users\Consultant\AppData\Local\Temp\surefire390183777707715244\surefirebooter-20250911092600483_3.jar"/>
    <property name="user.script" value=""/>
    <property name="sun.management.compiler" value="HotSpot 64-Bit Tiered Compilers"/>
    <property name="java.runtime.version" value="24.0.2+12-54"/>
    <property name="user.name" value="Consultant"/>
    <property name="stdout.encoding" value="Cp1252"/>
    <property name="path.separator" value=";"/>
    <property name="os.version" value="10.0"/>
    <property name="java.runtime.name" value="Java(TM) SE Runtime Environment"/>
    <property name="file.encoding" value="UTF-8"/>
    <property name="java.vm.name" value="Java HotSpot(TM) 64-Bit Server VM"/>
    <property name="cucumber.publish.enabled" value="true"/>
    <property name="localRepository" value="C:\Users\Consultant\.m2\repository"/>
    <property name="java.vendor.url.bug" value="https://bugreport.java.com/bugreport/"/>
    <property name="java.io.tmpdir" value="C:\Users\CONSUL~1\AppData\Local\Temp\"/>
    <property name="java.version" value="24.0.2"/>
    <property name="user.dir" value="C:\Users\Consultant\Downloads\selenium_project_feature_parallel\selenium_project_feature_parallel"/>
    <property name="os.arch" value="amd64"/>
    <property name="java.vm.specification.name" value="Java Virtual Machine Specification"/>
    <property name="sun.os.patch.level" value=""/>
    <property name="native.encoding" value="Cp1252"/>
    <property name="java.library.path" value="C:\Program Files\Java\jdk-24\bin;C:\WINDOWS\Sun\Java\bin;C:\WINDOWS\system32;C:\WINDOWS;C:\Program Files\Common Files\Oracle\Java\javapath;C:\Program Files (x86)\Common Files\Oracle\Java\java8path;C:\Program Files (x86)\Common Files\Oracle\Java\javapath;C:\WINDOWS\system32;C:\WINDOWS;C:\WINDOWS\System32\Wbem;C:\WINDOWS\System32\WindowsPowerShell\v1.0\;C:\WINDOWS\System32\OpenSSH\;C:\Users\Consultant\AppData\Local\Microsoft\WindowsApps;C:\Users\Consultant\AppData\Local\Programs\Microsoft VS Code\bin;C:\Users\Consultant\Downloads\apache-maven-3.9.11-bin\apache-maven-3.9.11\bin;;."/>
    <property name="java.vm.info" value="mixed mode, sharing"/>
    <property name="stderr.encoding" value="Cp1252"/>
    <property name="java.vendor" value="Oracle Corporation"/>
    <property name="java.vm.version" value="24.0.2+12-54"/>
    <property name="sun.io.unicode.encoding" value="UnicodeLittle"/>
    <property name="java.class.version" value="68.0"/>
  </properties>
  <testcase name="User can select and send an E-Gift Card with verification" classname="Gift Card Purchase" time="32.037">
    <system-out><![CDATA[
Scenario: User can select and send an E-Gift Card with verification         # file:///C:/Users/Consultant/Downloads/selenium_project_feature_parallel/selenium_project_feature_parallel/src/test/resources/features/GiftCard.feature:3
  ✔ Given User opens the Cineplex homepage                                  # com.cineplex.stepdefinitions.GiftCardSteps.user_opens_cineplex_homepage()
  ✔ And User clicks on the Menu button                                      # com.cineplex.stepdefinitions.GiftCardSteps.user_clicks_on_menu_button()
  ✔ And User navigates to Gift Cards                                        # com.cineplex.stepdefinitions.GiftCardSteps.user_navigates_to_gift_cards()
  ✔ When User clicks Send an E-Gift Card                                    # com.cineplex.stepdefinitions.GiftCardSteps.user_clicks_send_e_gift_card()
  ✔ And User scrolls down the page a few times and back to top              # com.cineplex.stepdefinitions.GiftCardSteps.user_scrolls_down_and_back()
  ✔ And User enters "90" as the card value                                  # com.cineplex.stepdefinitions.GiftCardSteps.user_enters_card_value(java.lang.String)
  ✔ And User enters "7" as the quantity                                     # com.cineplex.stepdefinitions.GiftCardSteps.user_enters_quantity(java.lang.String)
  ✔ And User enters "Happy Birthday!" as the personal message               # com.cineplex.stepdefinitions.GiftCardSteps.user_enters_personal_message(java.lang.String)
  ✔ And User selects "Self deliver" as the delivery option                  # com.cineplex.stepdefinitions.GiftCardSteps.user_selects_delivery_option(java.lang.String)
  ✔ And User enters "John Doe" as the recipient name                        # com.cineplex.stepdefinitions.GiftCardSteps.user_enters_recipient_name(java.lang.String)
  ✔ And User clicks Add to cart to complete the selection                   # com.cineplex.stepdefinitions.GiftCardSteps.user_clicks_add_to_cart()
  ✔ Then the gift cards should be added to the cart with the correct values # com.cineplex.stepdefinitions.GiftCardSteps.the_gift_cards_should_be_added_to_cart_with_correct_values()
]]></system-out>
    <system-err><![CDATA[Sep 11, 2025 9:26:05 A.M. org.openqa.selenium.devtools.CdpVersionFinder findNearestMatch
WARNING: Unable to find an exact match for CDP version 140, returning the closest version; found: 139; Please update to a Selenium version that supports CDP version 140
]]></system-err>
  </testcase>
  <testcase name="User tries to enter a gift card value exceeding the maximum allowed" classname="Gift Card Purchase" time="47.579">
    <failure message="expected:&lt;[20]0&gt; but was:&lt;[1]0&gt;" type="org.junit.ComparisonFailure"><![CDATA[org.junit.ComparisonFailure: expected:<[20]0> but was:<[1]0>
	at org.junit.Assert.assertEquals(Assert.java:117)
	at org.junit.Assert.assertEquals(Assert.java:146)
	at com.cineplex.actions.GiftCardPageActions.verifyCardValueAdjustment(GiftCardPageActions.java:342)
	at com.cineplex.stepdefinitions.GiftCardSteps.the_gift_card_value_field_should_automatically_adjust(GiftCardSteps.java:94)
	at ✽.the gift card value field should automatically adjust to the maximum allowed "200"(file:///C:/Users/Consultant/Downloads/selenium_project_feature_parallel/selenium_project_feature_parallel/src/test/resources/features/GiftCard.feature:25)
]]></failure>
    <system-out><![CDATA[
Scenario: User tries to enter a gift card value exceeding the maximum allowed               # file:///C:/Users/Consultant/Downloads/selenium_project_feature_parallel/selenium_project_feature_parallel/src/test/resources/features/GiftCard.feature:17
  ✔ Given User opens the Cineplex homepage                                                  # com.cineplex.stepdefinitions.GiftCardSteps.user_opens_cineplex_homepage()
  ✔ And User clicks on the Menu button                                                      # com.cineplex.stepdefinitions.GiftCardSteps.user_clicks_on_menu_button()
  ✔ And User navigates to Gift Cards                                                        # com.cineplex.stepdefinitions.GiftCardSteps.user_navigates_to_gift_cards()
  ✔ When User clicks Send an E-Gift Card                                                    # com.cineplex.stepdefinitions.GiftCardSteps.user_clicks_send_e_gift_card()
  ✔ And User scrolls down the page a few times and back to top                              # com.cineplex.stepdefinitions.GiftCardSteps.user_scrolls_down_and_back()
  ✔ And User enters "250" as the card value                                                 # com.cineplex.stepdefinitions.GiftCardSteps.user_enters_card_value(java.lang.String)
  ✔ And User enters "7" as the quantity                                                     # com.cineplex.stepdefinitions.GiftCardSteps.user_enters_quantity(java.lang.String)
  ✘ Then the gift card value field should automatically adjust to the maximum allowed "200" # com.cineplex.stepdefinitions.GiftCardSteps.the_gift_card_value_field_should_automatically_adjust(java.lang.String)
        org.junit.ComparisonFailure: expected:<[20]0> but was:<[1]0>
        	at org.junit.Assert.assertEquals(Assert.java:117)
        	at org.junit.Assert.assertEquals(Assert.java:146)
        	at com.cineplex.actions.GiftCardPageActions.verifyCardValueAdjustment(GiftCardPageActions.java:342)
        	at com.cineplex.stepdefinitions.GiftCardSteps.the_gift_card_value_field_should_automatically_adjust(GiftCardSteps.java:94)
        	at ✽.the gift card value field should automatically adjust to the maximum allowed "200"(file:///C:/Users/Consultant/Downloads/selenium_project_feature_parallel/selenium_project_feature_parallel/src/test/resources/features/GiftCard.feature:25)
]]></system-out>
    <system-err><![CDATA[Sep 11, 2025 9:26:36 A.M. org.openqa.selenium.devtools.CdpVersionFinder findNearestMatch
WARNING: Unable to find an exact match for CDP version 140, returning the closest version; found: 139; Please update to a Selenium version that supports CDP version 140
]]></system-err>
  </testcase>
  <testcase name="User tries to enter a gift card quantity exceeding the maximum allowed" classname="Gift Card Purchase" time="39.841">
    <system-out><![CDATA[
Scenario: User tries to enter a gift card quantity exceeding the maximum allowed   # file:///C:/Users/Consultant/Downloads/selenium_project_feature_parallel/selenium_project_feature_parallel/src/test/resources/features/GiftCard.feature:27
  ✔ Given User opens the Cineplex homepage                                         # com.cineplex.stepdefinitions.GiftCardSteps.user_opens_cineplex_homepage()
  ✔ And User clicks on the Menu button                                             # com.cineplex.stepdefinitions.GiftCardSteps.user_clicks_on_menu_button()
  ✔ And User navigates to Gift Cards                                               # com.cineplex.stepdefinitions.GiftCardSteps.user_navigates_to_gift_cards()
  ✔ When User clicks Send an E-Gift Card                                           # com.cineplex.stepdefinitions.GiftCardSteps.user_clicks_send_e_gift_card()
  ✔ And User scrolls down the page a few times and back to top                     # com.cineplex.stepdefinitions.GiftCardSteps.user_scrolls_down_and_back()
  ✔ And User enters "90" as the card value                                         # com.cineplex.stepdefinitions.GiftCardSteps.user_enters_card_value(java.lang.String)
  ✔ And User enters "35" as the quantity                                           # com.cineplex.stepdefinitions.GiftCardSteps.user_enters_quantity(java.lang.String)
  ✔ Then the quantity field should automatically adjust to the maximum allowed "7" # com.cineplex.stepdefinitions.GiftCardSteps.the_quantity_field_should_automatically_adjust(java.lang.String)
]]></system-out>
    <system-err><![CDATA[Sep 11, 2025 9:27:25 A.M. org.openqa.selenium.devtools.CdpVersionFinder findNearestMatch
WARNING: Unable to find an exact match for CDP version 140, returning the closest version; found: 139; Please update to a Selenium version that supports CDP version 140
]]></system-err>
  </testcase>
</testsuite>